Start testing: Sep 24 09:00 UTC
----------------------------------------------------------
1/2 Testing: RunCHTLTests
1/2 Test: RunCHTLTests
Command: "/app/build/chtl_tests"
Directory: /app/build
"RunCHTLTests" start time: Sep 24 09:00 UTC
Output:
----------------------------------------------------------
Running CHTL tests...
[PASS] Referenced Property
[PASS] Conditional Expression (True)
[PASS] Conditional Expression (False)
[PASS] Custom Style Specialization
[PASS] Custom Element Deletion
[PASS] Custom Element Insertion
[PASS] Custom Element Insertion At Top/Bottom
[PASS] Import Statement
[PASS] Unquoted Literals
[PASS] Calc() Generation
[PASS] Except Constraint
[PASS] Named Origin and Import
[PASS] Delete Style Inheritance
Tests finished.
<end of output>
Test time =   0.01 sec
----------------------------------------------------------
Test Passed.
"RunCHTLTests" end time: Sep 24 09:00 UTC
"RunCHTLTests" time elapsed: 00:00:00
----------------------------------------------------------

2/2 Testing: RunNamespaceTests
2/2 Test: RunNamespaceTests
Command: "/app/build/chtl_namespace_tests"
Directory: /app/build
"RunNamespaceTests" start time: Sep 24 09:00 UTC
Output:
----------------------------------------------------------
Running CHTL Namespace tests...
[FAIL] Namespace-qualified Template Access - Element template not found: NestedBox
Tests finished.
<end of output>
Test time =   0.00 sec
----------------------------------------------------------
Test Passed.
"RunNamespaceTests" end time: Sep 24 09:00 UTC
"RunNamespaceTests" time elapsed: 00:00:00
----------------------------------------------------------

End testing: Sep 24 09:00 UTC
