Start testing: Sep 24 14:07 UTC
----------------------------------------------------------
1/1 Testing: RunCHTLTests
1/1 Test: RunCHTLTests
Command: "/app/chtl_tests"
Directory: /app
"RunCHTLTests" start time: Sep 24 14:07 UTC
Output:
----------------------------------------------------------
Running CHTL tests...
[PASS] Referenced Property
[PASS] Conditional Expression (True)
[PASS] Conditional Expression (False)
[PASS] Custom Element Deletion
[PASS] Import Statement
[PASS] Unquoted Literals
[PASS] Calc() Generation
[PASS] Except Constraint
[PASS] Named Origin and Import
[PASS] Delete Style Inheritance
Tests finished.
<end of output>
Test time =   0.00 sec
----------------------------------------------------------
Test Passed.
"RunCHTLTests" end time: Sep 24 14:07 UTC
"RunCHTLTests" time elapsed: 00:00:00
----------------------------------------------------------

End testing: Sep 24 14:07 UTC
